{"/home/aclark/Documents/git-projects-only/express-biztime-further-study/app.js": {"path":"/home/aclark/Documents/git-projects-only/express-biztime-further-study/app.js","statementMap":{"0":{"start":{"line":2,"column":16},"end":{"line":2,"column":34}},"1":{"start":{"line":3,"column":12},"end":{"line":3,"column":21}},"2":{"start":{"line":4,"column":21},"end":{"line":4,"column":46}},"3":{"start":{"line":6,"column":24},"end":{"line":6,"column":53}},"4":{"start":{"line":8,"column":22},"end":{"line":8,"column":50}},"5":{"start":{"line":10,"column":0},"end":{"line":10,"column":24}},"6":{"start":{"line":12,"column":0},"end":{"line":12,"column":39}},"7":{"start":{"line":14,"column":0},"end":{"line":14,"column":36}},"8":{"start":{"line":19,"column":0},"end":{"line":22,"column":3}},"9":{"start":{"line":20,"column":14},"end":{"line":20,"column":48}},"10":{"start":{"line":21,"column":2},"end":{"line":21,"column":19}},"11":{"start":{"line":26,"column":0},"end":{"line":33,"column":3}},"12":{"start":{"line":27,"column":2},"end":{"line":27,"column":32}},"13":{"start":{"line":29,"column":2},"end":{"line":32,"column":5}},"14":{"start":{"line":36,"column":0},"end":{"line":36,"column":21}}},"fnMap":{"0":{"name":"(anonymous_0)","decl":{"start":{"line":19,"column":8},"end":{"line":19,"column":9}},"loc":{"start":{"line":19,"column":33},"end":{"line":22,"column":1}},"line":19},"1":{"name":"(anonymous_1)","decl":{"start":{"line":26,"column":8},"end":{"line":26,"column":9}},"loc":{"start":{"line":26,"column":33},"end":{"line":33,"column":1}},"line":26}},"branchMap":{"0":{"loc":{"start":{"line":27,"column":13},"end":{"line":27,"column":30}},"type":"binary-expr","locations":[{"start":{"line":27,"column":13},"end":{"line":27,"column":23}},{"start":{"line":27,"column":27},"end":{"line":27,"column":30}}],"line":27}},"s":{"0":2,"1":2,"2":2,"3":2,"4":2,"5":2,"6":2,"7":2,"8":2,"9":0,"10":0,"11":2,"12":7,"13":7,"14":2},"f":{"0":0,"1":7},"b":{"0":[7,1]},"_coverageSchema":"1a1c01bbd47fc00a2c39e90264f33305004495a9","hash":"c10a372c4cac5b8e2497d90ee65231687355f66c"}
,"/home/aclark/Documents/git-projects-only/express-biztime-further-study/db.js": {"path":"/home/aclark/Documents/git-projects-only/express-biztime-further-study/db.js","statementMap":{"0":{"start":{"line":1,"column":0},"end":{"line":1,"column":27}},"1":{"start":{"line":4,"column":19},"end":{"line":4,"column":32}},"2":{"start":{"line":8,"column":0},"end":{"line":12,"column":1}},"3":{"start":{"line":9,"column":2},"end":{"line":9,"column":73}},"4":{"start":{"line":11,"column":2},"end":{"line":11,"column":63}},"5":{"start":{"line":14,"column":11},"end":{"line":16,"column":2}},"6":{"start":{"line":18,"column":0},"end":{"line":28,"column":5}},"7":{"start":{"line":20,"column":4},"end":{"line":24,"column":5}},"8":{"start":{"line":21,"column":6},"end":{"line":21,"column":48}},"9":{"start":{"line":23,"column":6},"end":{"line":23,"column":55}},"10":{"start":{"line":27,"column":4},"end":{"line":27,"column":59}},"11":{"start":{"line":30,"column":0},"end":{"line":30,"column":20}}},"fnMap":{"0":{"name":"(anonymous_0)","decl":{"start":{"line":19,"column":8},"end":{"line":19,"column":9}},"loc":{"start":{"line":19,"column":14},"end":{"line":25,"column":3}},"line":19},"1":{"name":"(anonymous_1)","decl":{"start":{"line":26,"column":9},"end":{"line":26,"column":10}},"loc":{"start":{"line":26,"column":18},"end":{"line":28,"column":3}},"line":26}},"branchMap":{"0":{"loc":{"start":{"line":8,"column":0},"end":{"line":12,"column":1}},"type":"if","locations":[{"start":{"line":8,"column":0},"end":{"line":12,"column":1}},{"start":{"line":10,"column":7},"end":{"line":12,"column":1}}],"line":8},"1":{"loc":{"start":{"line":9,"column":11},"end":{"line":9,"column":72}},"type":"binary-expr","locations":[{"start":{"line":9,"column":11},"end":{"line":9,"column":40}},{"start":{"line":9,"column":44},"end":{"line":9,"column":72}}],"line":9},"2":{"loc":{"start":{"line":11,"column":11},"end":{"line":11,"column":62}},"type":"binary-expr","locations":[{"start":{"line":11,"column":11},"end":{"line":11,"column":35}},{"start":{"line":11,"column":39},"end":{"line":11,"column":62}}],"line":11},"3":{"loc":{"start":{"line":20,"column":4},"end":{"line":24,"column":5}},"type":"if","locations":[{"start":{"line":20,"column":4},"end":{"line":24,"column":5}},{"start":{"line":22,"column":11},"end":{"line":24,"column":5}}],"line":20}},"s":{"0":2,"1":2,"2":2,"3":2,"4":0,"5":2,"6":2,"7":2,"8":2,"9":0,"10":0,"11":2},"f":{"0":2,"1":0},"b":{"0":[2,0],"1":[2,0],"2":[0,0],"3":[2,0]},"_coverageSchema":"1a1c01bbd47fc00a2c39e90264f33305004495a9","hash":"920af411a0fb64c1de0bdf4e9c868b83dbab2b2f"}
,"/home/aclark/Documents/git-projects-only/express-biztime-further-study/expressError.js": {"path":"/home/aclark/Documents/git-projects-only/express-biztime-further-study/expressError.js","statementMap":{"0":{"start":{"line":9,"column":4},"end":{"line":9,"column":12}},"1":{"start":{"line":10,"column":4},"end":{"line":10,"column":27}},"2":{"start":{"line":11,"column":4},"end":{"line":11,"column":25}},"3":{"start":{"line":12,"column":4},"end":{"line":12,"column":30}},"4":{"start":{"line":17,"column":0},"end":{"line":17,"column":30}}},"fnMap":{"0":{"name":"(anonymous_0)","decl":{"start":{"line":8,"column":2},"end":{"line":8,"column":3}},"loc":{"start":{"line":8,"column":31},"end":{"line":13,"column":3}},"line":8}},"branchMap":{},"s":{"0":6,"1":6,"2":6,"3":6,"4":2},"f":{"0":6},"b":{},"_coverageSchema":"1a1c01bbd47fc00a2c39e90264f33305004495a9","hash":"9fc4c785f58bdc446380b7c93b051251c7e6d863"}
,"/home/aclark/Documents/git-projects-only/express-biztime-further-study/routes/companies.js": {"path":"/home/aclark/Documents/git-projects-only/express-biztime-further-study/routes/companies.js","statementMap":{"0":{"start":{"line":1,"column":16},"end":{"line":1,"column":34}},"1":{"start":{"line":2,"column":15},"end":{"line":2,"column":35}},"2":{"start":{"line":3,"column":11},"end":{"line":3,"column":27}},"3":{"start":{"line":4,"column":21},"end":{"line":4,"column":47}},"4":{"start":{"line":5,"column":16},"end":{"line":5,"column":34}},"5":{"start":{"line":8,"column":0},"end":{"line":15,"column":3}},"6":{"start":{"line":9,"column":2},"end":{"line":14,"column":3}},"7":{"start":{"line":10,"column":20},"end":{"line":10,"column":70}},"8":{"start":{"line":11,"column":4},"end":{"line":11,"column":49}},"9":{"start":{"line":13,"column":4},"end":{"line":13,"column":21}},"10":{"start":{"line":18,"column":0},"end":{"line":44,"column":3}},"11":{"start":{"line":19,"column":2},"end":{"line":43,"column":3}},"12":{"start":{"line":20,"column":21},"end":{"line":20,"column":31}},"13":{"start":{"line":22,"column":19},"end":{"line":25,"column":5}},"14":{"start":{"line":27,"column":4},"end":{"line":29,"column":5}},"15":{"start":{"line":28,"column":6},"end":{"line":28,"column":64}},"16":{"start":{"line":31,"column":20},"end":{"line":31,"column":34}},"17":{"start":{"line":33,"column":24},"end":{"line":36,"column":5}},"18":{"start":{"line":38,"column":4},"end":{"line":38,"column":59}},"19":{"start":{"line":38,"column":51},"end":{"line":38,"column":57}},"20":{"start":{"line":40,"column":4},"end":{"line":40,"column":33}},"21":{"start":{"line":42,"column":4},"end":{"line":42,"column":21}},"22":{"start":{"line":47,"column":0},"end":{"line":64,"column":3}},"23":{"start":{"line":48,"column":2},"end":{"line":63,"column":3}},"24":{"start":{"line":49,"column":34},"end":{"line":49,"column":42}},"25":{"start":{"line":50,"column":17},"end":{"line":50,"column":61}},"26":{"start":{"line":52,"column":19},"end":{"line":55,"column":5}},"27":{"start":{"line":57,"column":4},"end":{"line":57,"column":61}},"28":{"start":{"line":59,"column":6},"end":{"line":61,"column":3}},"29":{"start":{"line":60,"column":4},"end":{"line":60,"column":70}},"30":{"start":{"line":62,"column":2},"end":{"line":62,"column":19}},"31":{"start":{"line":67,"column":0},"end":{"line":85,"column":3}},"32":{"start":{"line":68,"column":2},"end":{"line":84,"column":3}},"33":{"start":{"line":69,"column":21},"end":{"line":69,"column":31}},"34":{"start":{"line":70,"column":34},"end":{"line":70,"column":42}},"35":{"start":{"line":72,"column":19},"end":{"line":75,"column":5}},"36":{"start":{"line":77,"column":4},"end":{"line":79,"column":5}},"37":{"start":{"line":78,"column":6},"end":{"line":78,"column":64}},"38":{"start":{"line":81,"column":4},"end":{"line":81,"column":49}},"39":{"start":{"line":83,"column":4},"end":{"line":83,"column":21}},"40":{"start":{"line":88,"column":0},"end":{"line":105,"column":3}},"41":{"start":{"line":89,"column":2},"end":{"line":104,"column":3}},"42":{"start":{"line":90,"column":21},"end":{"line":90,"column":31}},"43":{"start":{"line":92,"column":19},"end":{"line":95,"column":5}},"44":{"start":{"line":97,"column":4},"end":{"line":99,"column":5}},"45":{"start":{"line":98,"column":6},"end":{"line":98,"column":64}},"46":{"start":{"line":101,"column":4},"end":{"line":101,"column":43}},"47":{"start":{"line":103,"column":4},"end":{"line":103,"column":21}},"48":{"start":{"line":107,"column":0},"end":{"line":107,"column":24}}},"fnMap":{"0":{"name":"(anonymous_0)","decl":{"start":{"line":8,"column":16},"end":{"line":8,"column":17}},"loc":{"start":{"line":8,"column":48},"end":{"line":15,"column":1}},"line":8},"1":{"name":"(anonymous_1)","decl":{"start":{"line":18,"column":21},"end":{"line":18,"column":22}},"loc":{"start":{"line":18,"column":53},"end":{"line":44,"column":1}},"line":18},"2":{"name":"(anonymous_2)","decl":{"start":{"line":38,"column":44},"end":{"line":38,"column":45}},"loc":{"start":{"line":38,"column":51},"end":{"line":38,"column":57}},"line":38},"3":{"name":"(anonymous_3)","decl":{"start":{"line":47,"column":17},"end":{"line":47,"column":18}},"loc":{"start":{"line":47,"column":49},"end":{"line":64,"column":1}},"line":47},"4":{"name":"(anonymous_4)","decl":{"start":{"line":67,"column":21},"end":{"line":67,"column":22}},"loc":{"start":{"line":67,"column":53},"end":{"line":85,"column":1}},"line":67},"5":{"name":"(anonymous_5)","decl":{"start":{"line":88,"column":24},"end":{"line":88,"column":25}},"loc":{"start":{"line":88,"column":56},"end":{"line":105,"column":1}},"line":88}},"branchMap":{"0":{"loc":{"start":{"line":27,"column":4},"end":{"line":29,"column":5}},"type":"if","locations":[{"start":{"line":27,"column":4},"end":{"line":29,"column":5}},{"start":{},"end":{}}],"line":27},"1":{"loc":{"start":{"line":59,"column":6},"end":{"line":61,"column":3}},"type":"if","locations":[{"start":{"line":59,"column":6},"end":{"line":61,"column":3}},{"start":{},"end":{}}],"line":59},"2":{"loc":{"start":{"line":77,"column":4},"end":{"line":79,"column":5}},"type":"if","locations":[{"start":{"line":77,"column":4},"end":{"line":79,"column":5}},{"start":{},"end":{}}],"line":77},"3":{"loc":{"start":{"line":97,"column":4},"end":{"line":99,"column":5}},"type":"if","locations":[{"start":{"line":97,"column":4},"end":{"line":99,"column":5}},{"start":{},"end":{}}],"line":97}},"s":{"0":2,"1":2,"2":2,"3":2,"4":2,"5":2,"6":1,"7":1,"8":1,"9":0,"10":2,"11":2,"12":2,"13":2,"14":2,"15":1,"16":1,"17":1,"18":1,"19":0,"20":1,"21":1,"22":2,"23":2,"24":2,"25":2,"26":2,"27":2,"28":0,"29":0,"30":0,"31":2,"32":2,"33":2,"34":2,"35":2,"36":2,"37":1,"38":1,"39":1,"40":2,"41":2,"42":2,"43":2,"44":2,"45":1,"46":1,"47":1,"48":2},"f":{"0":1,"1":2,"2":0,"3":2,"4":2,"5":2},"b":{"0":[1,1],"1":[0,0],"2":[1,1],"3":[1,1]},"_coverageSchema":"1a1c01bbd47fc00a2c39e90264f33305004495a9","hash":"5c5cab7552eb01703e173d4f8914b92e0d724f45"}
,"/home/aclark/Documents/git-projects-only/express-biztime-further-study/routes/invoices.js": {"path":"/home/aclark/Documents/git-projects-only/express-biztime-further-study/routes/invoices.js","statementMap":{"0":{"start":{"line":1,"column":16},"end":{"line":1,"column":34}},"1":{"start":{"line":2,"column":15},"end":{"line":2,"column":35}},"2":{"start":{"line":3,"column":11},"end":{"line":3,"column":27}},"3":{"start":{"line":4,"column":21},"end":{"line":4,"column":47}},"4":{"start":{"line":7,"column":0},"end":{"line":14,"column":3}},"5":{"start":{"line":8,"column":2},"end":{"line":13,"column":3}},"6":{"start":{"line":9,"column":20},"end":{"line":9,"column":72}},"7":{"start":{"line":10,"column":4},"end":{"line":10,"column":48}},"8":{"start":{"line":12,"column":4},"end":{"line":12,"column":21}},"9":{"start":{"line":17,"column":0},"end":{"line":44,"column":3}},"10":{"start":{"line":18,"column":2},"end":{"line":43,"column":3}},"11":{"start":{"line":19,"column":19},"end":{"line":19,"column":29}},"12":{"start":{"line":21,"column":22},"end":{"line":24,"column":5}},"13":{"start":{"line":26,"column":20},"end":{"line":26,"column":37}},"14":{"start":{"line":28,"column":4},"end":{"line":30,"column":5}},"15":{"start":{"line":29,"column":6},"end":{"line":29,"column":62}},"16":{"start":{"line":32,"column":23},"end":{"line":35,"column":5}},"17":{"start":{"line":37,"column":4},"end":{"line":37,"column":41}},"18":{"start":{"line":38,"column":4},"end":{"line":38,"column":29}},"19":{"start":{"line":40,"column":4},"end":{"line":40,"column":33}},"20":{"start":{"line":42,"column":4},"end":{"line":42,"column":21}},"21":{"start":{"line":47,"column":0},"end":{"line":61,"column":3}},"22":{"start":{"line":48,"column":2},"end":{"line":60,"column":3}},"23":{"start":{"line":49,"column":31},"end":{"line":49,"column":39}},"24":{"start":{"line":51,"column":19},"end":{"line":55,"column":5}},"25":{"start":{"line":57,"column":4},"end":{"line":57,"column":61}},"26":{"start":{"line":59,"column":4},"end":{"line":59,"column":21}},"27":{"start":{"line":64,"column":0},"end":{"line":83,"column":3}},"28":{"start":{"line":65,"column":2},"end":{"line":82,"column":3}},"29":{"start":{"line":66,"column":19},"end":{"line":66,"column":29}},"30":{"start":{"line":67,"column":20},"end":{"line":67,"column":28}},"31":{"start":{"line":69,"column":19},"end":{"line":73,"column":5}},"32":{"start":{"line":75,"column":4},"end":{"line":77,"column":5}},"33":{"start":{"line":76,"column":6},"end":{"line":76,"column":62}},"34":{"start":{"line":79,"column":4},"end":{"line":79,"column":49}},"35":{"start":{"line":81,"column":4},"end":{"line":81,"column":21}},"36":{"start":{"line":86,"column":0},"end":{"line":103,"column":3}},"37":{"start":{"line":87,"column":2},"end":{"line":102,"column":3}},"38":{"start":{"line":88,"column":19},"end":{"line":88,"column":29}},"39":{"start":{"line":90,"column":19},"end":{"line":93,"column":5}},"40":{"start":{"line":95,"column":4},"end":{"line":97,"column":5}},"41":{"start":{"line":96,"column":6},"end":{"line":96,"column":62}},"42":{"start":{"line":99,"column":4},"end":{"line":99,"column":43}},"43":{"start":{"line":101,"column":4},"end":{"line":101,"column":21}},"44":{"start":{"line":105,"column":0},"end":{"line":105,"column":24}}},"fnMap":{"0":{"name":"(anonymous_0)","decl":{"start":{"line":7,"column":16},"end":{"line":7,"column":17}},"loc":{"start":{"line":7,"column":48},"end":{"line":14,"column":1}},"line":7},"1":{"name":"(anonymous_1)","decl":{"start":{"line":17,"column":19},"end":{"line":17,"column":20}},"loc":{"start":{"line":17,"column":51},"end":{"line":44,"column":1}},"line":17},"2":{"name":"(anonymous_2)","decl":{"start":{"line":47,"column":17},"end":{"line":47,"column":18}},"loc":{"start":{"line":47,"column":49},"end":{"line":61,"column":1}},"line":47},"3":{"name":"(anonymous_3)","decl":{"start":{"line":64,"column":19},"end":{"line":64,"column":20}},"loc":{"start":{"line":64,"column":51},"end":{"line":83,"column":1}},"line":64},"4":{"name":"(anonymous_4)","decl":{"start":{"line":86,"column":22},"end":{"line":86,"column":23}},"loc":{"start":{"line":86,"column":54},"end":{"line":103,"column":1}},"line":86}},"branchMap":{"0":{"loc":{"start":{"line":28,"column":4},"end":{"line":30,"column":5}},"type":"if","locations":[{"start":{"line":28,"column":4},"end":{"line":30,"column":5}},{"start":{},"end":{}}],"line":28},"1":{"loc":{"start":{"line":75,"column":4},"end":{"line":77,"column":5}},"type":"if","locations":[{"start":{"line":75,"column":4},"end":{"line":77,"column":5}},{"start":{},"end":{}}],"line":75},"2":{"loc":{"start":{"line":95,"column":4},"end":{"line":97,"column":5}},"type":"if","locations":[{"start":{"line":95,"column":4},"end":{"line":97,"column":5}},{"start":{},"end":{}}],"line":95}},"s":{"0":2,"1":2,"2":2,"3":2,"4":2,"5":1,"6":1,"7":1,"8":0,"9":2,"10":2,"11":2,"12":2,"13":2,"14":2,"15":1,"16":1,"17":1,"18":1,"19":1,"20":1,"21":2,"22":2,"23":2,"24":2,"25":1,"26":1,"27":2,"28":2,"29":2,"30":2,"31":2,"32":2,"33":1,"34":1,"35":1,"36":2,"37":2,"38":2,"39":2,"40":2,"41":1,"42":1,"43":1,"44":2},"f":{"0":1,"1":2,"2":2,"3":2,"4":2},"b":{"0":[1,1],"1":[1,1],"2":[1,1]},"_coverageSchema":"1a1c01bbd47fc00a2c39e90264f33305004495a9","hash":"3ab3a3cbd5b915b07a24a5e55a9483d7e3774972"}
}
