TN:
SF:app.js
FN:19,(anonymous_0)
FN:26,(anonymous_1)
FNF:2
FNH:1
FNDA:0,(anonymous_0)
FNDA:8,(anonymous_1)
DA:2,2
DA:3,2
DA:4,2
DA:6,2
DA:8,2
DA:10,2
DA:12,2
DA:14,2
DA:19,2
DA:20,0
DA:21,0
DA:26,2
DA:27,8
DA:29,8
DA:36,2
LF:15
LH:13
BRDA:27,0,0,8
BRDA:27,0,1,1
BRF:2
BRH:2
end_of_record
TN:
SF:db.js
FN:19,(anonymous_0)
FN:26,(anonymous_1)
FNF:2
FNH:1
FNDA:2,(anonymous_0)
FNDA:0,(anonymous_1)
DA:1,2
DA:4,2
DA:8,2
DA:9,2
DA:11,0
DA:14,2
DA:18,2
DA:20,2
DA:21,2
DA:23,0
DA:27,0
DA:30,2
LF:12
LH:9
BRDA:8,0,0,2
BRDA:8,0,1,0
BRDA:9,1,0,2
BRDA:9,1,1,0
BRDA:11,2,0,0
BRDA:11,2,1,0
BRDA:20,3,0,2
BRDA:20,3,1,0
BRF:8
BRH:3
end_of_record
TN:
SF:expressError.js
FN:8,(anonymous_0)
FNF:1
FNH:1
FNDA:7,(anonymous_0)
DA:9,7
DA:10,7
DA:11,7
DA:12,7
DA:17,2
LF:5
LH:5
BRF:0
BRH:0
end_of_record
TN:
SF:routes/companies.js
FN:8,(anonymous_0)
FN:18,(anonymous_1)
FN:38,(anonymous_2)
FN:47,(anonymous_3)
FN:67,(anonymous_4)
FN:88,(anonymous_5)
FNF:6
FNH:5
FNDA:1,(anonymous_0)
FNDA:2,(anonymous_1)
FNDA:0,(anonymous_2)
FNDA:2,(anonymous_3)
FNDA:2,(anonymous_4)
FNDA:2,(anonymous_5)
DA:1,2
DA:2,2
DA:3,2
DA:4,2
DA:5,2
DA:8,2
DA:9,1
DA:10,1
DA:11,1
DA:13,0
DA:18,2
DA:19,2
DA:20,2
DA:22,2
DA:27,2
DA:28,1
DA:31,1
DA:33,1
DA:38,1
DA:40,1
DA:42,1
DA:47,2
DA:48,2
DA:49,2
DA:50,2
DA:52,2
DA:57,1
DA:59,1
DA:60,1
DA:62,0
DA:67,2
DA:68,2
DA:69,2
DA:70,2
DA:72,2
DA:77,2
DA:78,1
DA:81,1
DA:83,1
DA:88,2
DA:89,2
DA:90,2
DA:92,2
DA:97,2
DA:98,1
DA:101,1
DA:103,1
DA:107,2
LF:48
LH:46
BRDA:27,0,0,1
BRDA:27,0,1,1
BRDA:59,1,0,1
BRDA:59,1,1,0
BRDA:77,2,0,1
BRDA:77,2,1,1
BRDA:97,3,0,1
BRDA:97,3,1,1
BRF:8
BRH:7
end_of_record
TN:
SF:routes/invoices.js
FN:7,(anonymous_0)
FN:17,(anonymous_1)
FN:47,(anonymous_2)
FN:64,(anonymous_3)
FN:86,(anonymous_4)
FNF:5
FNH:5
FNDA:1,(anonymous_0)
FNDA:2,(anonymous_1)
FNDA:2,(anonymous_2)
FNDA:2,(anonymous_3)
FNDA:2,(anonymous_4)
DA:1,2
DA:2,2
DA:3,2
DA:4,2
DA:7,2
DA:8,1
DA:9,1
DA:10,1
DA:12,0
DA:17,2
DA:18,2
DA:19,2
DA:21,2
DA:26,2
DA:28,2
DA:29,1
DA:32,1
DA:37,1
DA:38,1
DA:40,1
DA:42,1
DA:47,2
DA:48,2
DA:49,2
DA:51,2
DA:57,1
DA:59,1
DA:64,2
DA:65,2
DA:66,2
DA:67,2
DA:69,2
DA:75,2
DA:76,1
DA:79,1
DA:81,1
DA:86,2
DA:87,2
DA:88,2
DA:90,2
DA:95,2
DA:96,1
DA:99,1
DA:101,1
DA:105,2
LF:45
LH:44
BRDA:28,0,0,1
BRDA:28,0,1,1
BRDA:75,1,0,1
BRDA:75,1,1,1
BRDA:95,2,0,1
BRDA:95,2,1,1
BRF:6
BRH:6
end_of_record
